<?xml version="1.0" encoding="UTF-8"?>
<!-- Generated by org.testng.reporters.JUnitReportReporter -->
<testsuite hostname="Bujuku" failures="0" tests="3" name="com.simplilearn.selenium.PlaceOrderPageTest" time="6.951" errors="0" timestamp="2024-01-25T12:02:11 IST" skipped="0">
  <testcase classname="com.simplilearn.selenium.PlaceOrderPageTest" name="addCartPageTest" time="6.916"/>
  <testcase classname="com.simplilearn.selenium.PlaceOrderPageTest" name="addCartPageSOurceUrlTest" time="0.022"/>
  <testcase classname="com.simplilearn.selenium.PlaceOrderPageTest" name="homePageTitleTest" time="0.013"/>
</testsuite> <!-- com.simplilearn.selenium.PlaceOrderPageTest -->
