<?xml version="1.0" encoding="UTF-8"?>
<!-- Generated by org.testng.reporters.JUnitReportReporter -->
<testsuite hostname="Bujuku" failures="0" tests="3" name="com.simplilearn.selenium.RegistrtionPageTest" time="4.526" errors="0" timestamp="2024-01-25T12:00:25 IST" skipped="0">
  <testcase classname="com.simplilearn.selenium.RegistrtionPageTest" name="registrationPageTest" time="4.476"/>
  <testcase classname="com.simplilearn.selenium.RegistrtionPageTest" name="homePageSOurceUrlTest" time="0.040"/>
  <testcase classname="com.simplilearn.selenium.RegistrtionPageTest" name="homePageTitleTest" time="0.010"/>
</testsuite> <!-- com.simplilearn.selenium.RegistrtionPageTest -->
