<?xml version="1.0" encoding="UTF-8"?>
<!-- Generated by org.testng.reporters.JUnitReportReporter -->
<testsuite hostname="Bujuku" failures="0" tests="3" name="com.simplilearn.selenium.AddToCartTest" time="6.725" errors="0" timestamp="2024-01-25T12:02:56 IST" skipped="0">
  <testcase classname="com.simplilearn.selenium.AddToCartTest" name="addCartPageTest" time="6.696"/>
  <testcase classname="com.simplilearn.selenium.AddToCartTest" name="addCartPageSOurceUrlTest" time="0.015"/>
  <testcase classname="com.simplilearn.selenium.AddToCartTest" name="homePageTitleTest" time="0.014"/>
</testsuite> <!-- com.simplilearn.selenium.AddToCartTest -->
