<?xml version="1.0" encoding="UTF-8"?>
<!-- Generated by org.testng.reporters.JUnitReportReporter -->
<testsuite hostname="Bujuku" failures="0" tests="3" name="com.simplilearn.selenium.LoginPageTest" time="4.443" errors="0" timestamp="2024-01-24T16:53:02 IST" skipped="0">
  <testcase classname="com.simplilearn.selenium.LoginPageTest" name="loginPageTitleTest" time="4.419"/>
  <testcase classname="com.simplilearn.selenium.LoginPageTest" name="loginPageSOurceUrlTest" time="0.015"/>
  <testcase classname="com.simplilearn.selenium.LoginPageTest" name="loginPageTitleTest2" time="0.009"/>
</testsuite> <!-- com.simplilearn.selenium.LoginPageTest -->
