<?xml version="1.0" encoding="UTF-8"?>
<!-- Generated by org.testng.reporters.JUnitReportReporter -->
<testsuite hostname="Bujuku" failures="0" tests="1" name="com.simplilearn.restassuredtest.UpdateProduct" time="0.044" errors="0" timestamp="2024-01-25T12:12:44 IST" skipped="0">
  <testcase classname="com.simplilearn.restassuredtest.UpdateProduct" name="testGetProduct" time="0.044"/>
</testsuite> <!-- com.simplilearn.restassuredtest.UpdateProduct -->
