<?xml version="1.0" encoding="UTF-8"?>
<!-- Generated by org.testng.reporters.JUnitReportReporter -->
<testsuite hostname="Bujuku" failures="0" tests="1" name="com.simplilearn.restassuredtest.RetrieveAllProducts" time="0.054" errors="0" timestamp="2024-01-25T12:12:44 IST" skipped="0">
  <testcase classname="com.simplilearn.restassuredtest.RetrieveAllProducts" name="testGetProduct" time="0.054"/>
</testsuite> <!-- com.simplilearn.restassuredtest.RetrieveAllProducts -->
